This is LuaTeX, Version 1.10.0 (TeX Live 2019)  (INITEX)  23 DEC 2019 17:18
 restricted system commands enabled.
**dvilualatex.ini

(/home/peter/workspace/texlive.js/texlive/texmf-dist/tex/generic/tex-ini-files/
dvilualatex.ini
(/home/peter/workspace/texlive.js/texlive/texmf-dist/tex/generic/tex-ini-files/
lualatex.ini
(/home/peter/workspace/texlive.js/texlive/texmf-dist/tex/generic/tex-ini-files/
luatexconfig.tex
(/home/peter/workspace/texlive.js/texlive/texmf-dist/tex/generic/tex-ini-files/
pdftexconfig.tex))
(/home/peter/workspace/texlive.js/texlive/texmf-dist/tex/latex/base/latex.ltx
(/home/peter/workspace/texlive.js/texlive/texmf-dist/tex/latex/base/texsys.cfg)
\openout15 = texsys.aux

./texsys.aux found


\@currdir set to: ./.


Assuming \openin and \input 
have the same search path.


Defining UNIX/DOS style filename parser.

catcodes, registers,
\maxdimen=\dimen10
\hideskip=\skip10
\p@=\dimen11
\z@=\dimen12
\z@skip=\skip11
\voidb@x=\box10
 parameters,
\normalbaselineskip=\skip12
\normallineskip=\skip13
\normallineskiplimit=\dimen13
\interfootnotelinepenalty=\count23
\strutbox=\box11

LaTeX2e <2019-10-01> patch level 3
hacks,
\@tempcnta=\count24
\@tempcntb=\count25
\@tempdima=\dimen14
\@tempdimb=\dimen15
\@tempdimc=\dimen16
\@tempboxa=\box12
\@tempskipa=\skip14
\@tempskipb=\skip15
\@temptokena=\toks10
\@flushglue=\skip16
 control, par, spacing,
\@savsk=\dimen17
\@savsf=\count26
\smallskipamount=\skip17
\medskipamount=\skip18
\bigskipamount=\skip19
\fill=\skip20
 files,
\@inputcheck=\read0
\@unused=\write0
\@mainaux=\write1
\@partaux=\write2
\@clubpenalty=\count27
 font encodings, lengths,
\everymath=\toks11
\everydisplay=\toks12
\every@math@size=\toks13
\lower@bound=\dimen18
\upper@bound=\dimen19
\c@mv@normal=\count28
\c@mv@bold=\count29

====================================

Local config file fonttext.cfg used

====================================

(/home/peter/workspace/texlive.js/texlive/texmf-dist/tex/latex/base/fonttext.cf
g
File: fonttext.cfg 2019/09/21 v3.0d LaTeX Kernel (Uncustomised text font setup)

(/home/peter/workspace/texlive.js/texlive/texmf-dist/tex/latex/base/fonttext.lt
x
File: fonttext.ltx 2019/09/21 v3.0d LaTeX Kernel (Text font setup)

=== Don't modify this file, use a .cfg file instead ===

(/home/peter/workspace/texlive.js/texlive/texmf-dist/tex/latex/base/omlenc.def
File: omlenc.def 2018/08/11 v2.0j Standard LaTeX file
) (/home/peter/workspace/texlive.js/texlive/texmf-dist/tex/latex/base/t1enc.def
File: t1enc.def 2018/08/11 v2.0j Standard LaTeX file
) (/home/peter/workspace/texlive.js/texlive/texmf-dist/tex/latex/base/ot1enc.de
f
File: ot1enc.def 2018/08/11 v2.0j Standard LaTeX file
)
(/home/peter/workspace/texlive.js/texlive/texmf-dist/tex/latex/base/omsenc.def
File: omsenc.def 2018/08/11 v2.0j Standard LaTeX file
) (/home/peter/workspace/texlive.js/texlive/texmf-dist/tex/latex/base/tuenc.def
File: tuenc.def 2018/08/11 v2.0j Standard LaTeX file
) (/home/peter/workspace/texlive.js/texlive/texmf-dist/tex/latex/base/tulmr.fd
File: tulmr.fd 2017/01/26 v1.8 Standard LaTeX font definitions for Latin Modern
)
(/home/peter/workspace/texlive.js/texlive/texmf-dist/tex/latex/base/tulmss.fd
File: tulmss.fd 2017/01/26 v1.8 Standard LaTeX font definitions for Latin Modern

)
(/home/peter/workspace/texlive.js/texlive/texmf-dist/tex/latex/base/tulmtt.fd
File: tulmtt.fd 2017/01/26 v1.8 Standard LaTeX font definitions for Latin Modern

)
(/home/peter/workspace/texlive.js/texlive/texmf-dist/tex/latex/base/t1cmr.fd
File: t1cmr.fd 2014/09/29 v2.5h Standard LaTeX font definitions
)
(/home/peter/workspace/texlive.js/texlive/texmf-dist/tex/latex/base/ot1cmr.fd
File: ot1cmr.fd 2014/09/29 v2.5h Standard LaTeX font definitions
)
(/home/peter/workspace/texlive.js/texlive/texmf-dist/tex/latex/base/ot1cmss.fd
File: ot1cmss.fd 2014/09/29 v2.5h Standard LaTeX font definitions
) (/home/peter/workspace/texlive.js/texlive/texmf-dist/tex/latex/base/ot1cmtt.f
d
File: ot1cmtt.fd 2014/09/29 v2.5h Standard LaTeX font definitions
)))
====================================

Local config file fontmath.cfg used

====================================

(/home/peter/workspace/texlive.js/texlive/texmf-dist/tex/latex/base/fontmath.cf
g
File: fontmath.cfg 2019/09/21 v3.0d LaTeX Kernel (Uncustomised math font setup)

(/home/peter/workspace/texlive.js/texlive/texmf-dist/tex/latex/base/fontmath.lt
x
File: fontmath.ltx 2019/09/21 v3.0d LaTeX Kernel (Math font setup)

=== Don't modify this file, use a .cfg file instead ===

LaTeX Font Info:    Redeclaring font encoding OML on input line 44.
LaTeX Font Info:    Redeclaring font encoding OMS on input line 45.
(/home/peter/workspace/texlive.js/texlive/texmf-dist/tex/latex/base/omlcmm.fd
File: omlcmm.fd 2014/09/29 v2.5h Standard LaTeX font definitions
)
(/home/peter/workspace/texlive.js/texlive/texmf-dist/tex/latex/base/omscmsy.fd
File: omscmsy.fd 2014/09/29 v2.5h Standard LaTeX font definitions
) (/home/peter/workspace/texlive.js/texlive/texmf-dist/tex/latex/base/omxcmex.f
d
File: omxcmex.fd 2014/09/29 v2.5h Standard LaTeX font definitions
) (/home/peter/workspace/texlive.js/texlive/texmf-dist/tex/latex/base/ucmr.fd
File: ucmr.fd 2014/09/29 v2.5h Standard LaTeX font definitions
)
\symoperators=\mathgroup0
\symletters=\mathgroup1
\symsymbols=\mathgroup2
\symlargesymbols=\mathgroup3
LaTeX Font Info:    Overwriting symbol font `operators' in version `bold'
(Font)                  OT1/cmr/m/n --> OT1/cmr/bx/n on input line 63.
LaTeX Font Info:    Overwriting symbol font `letters' in version `bold'
(Font)                  OML/cmm/m/it --> OML/cmm/b/it on input line 64.
LaTeX Font Info:    Overwriting symbol font `symbols' in version `bold'
(Font)                  OMS/cmsy/m/n --> OMS/cmsy/b/n on input line 65.
LaTeX Font Info:    Overwriting math alphabet `\mathsf' in version `bold'
(Font)                  OT1/cmss/m/n --> OT1/cmss/bx/n on input line 73.
LaTeX Font Info:    Overwriting math alphabet `\mathit' in version `bold'
(Font)                  OT1/cmr/m/it --> OT1/cmr/bx/it on input line 74.
))
====================================

Local config file preload.cfg used

=====================================

(/home/peter/workspace/texlive.js/texlive/texmf-dist/tex/latex/base/preload.cfg
File: preload.cfg 2019/09/21 v3.0d LaTeX Kernel (Uncustomised preload font setup
)

(/home/peter/workspace/texlive.js/texlive/texmf-dist/tex/latex/base/preload.ltx
File: preload.ltx 2014/09/29 v2.1g LaTeX Kernel (Font Preloading)
)) page nos., x-ref, environments, center,
\@rightskip=\skip21
 verbatim,
\@verbvisiblespacebox=\box13
 math definitions,
\jot=\dimen20
\interdisplaylinepenalty=\count30
\rootbox=\box14
\c@equation=\count31
\@eqcnt=\count32
\@eqpen=\count33
\@centering=\skip22
\topsep=\skip23
\partopsep=\skip24
\itemsep=\skip25
\parsep=\skip26
\@topsep=\skip27
\@topsepadd=\skip28
\@outerparskip=\skip29
\leftmargin=\dimen21
\rightmargin=\dimen22
\listparindent=\dimen23
\itemindent=\dimen24
\labelwidth=\dimen25
\labelsep=\dimen26
\linewidth=\dimen27
\@totalleftmargin=\dimen28
\leftmargini=\dimen29
\leftmarginii=\dimen30
\leftmarginiii=\dimen31
\leftmarginiv=\dimen32
\leftmarginv=\dimen33
\leftmarginvi=\dimen34
\@listdepth=\count34
\@itempenalty=\count35
\@beginparpenalty=\count36
\@endparpenalty=\count37
\@labels=\box15
\par@deathcycles=\count38
\@enumdepth=\count39
\c@enumi=\count40
\c@enumii=\count41
\c@enumiii=\count42
\c@enumiv=\count43
\@itemdepth=\count44
 boxes,
\fboxrule=\dimen35
\fboxsep=\dimen36
\@mplistdepth=\count45
\@mpfootins=\insert254
LaTeX Info: Redefining \underline on input line 5289.
\@gtempa=\dimen37
\@gtempa=\dimen38
\@gtempa=\dimen39
\@gtempa=\dimen40
\@gtempa=\dimen41
\@gtempa=\dimen42
\@gtempa=\dimen43
\@gtempa=\dimen44
\@gtempa=\dimen45
\@gtempa=\dimen46
\@gtempa=\dimen47
\@gtempa=\dimen48
\@gtempa=\dimen49
\@gtempa=\dimen50
\@nxttabmar=\count46
\@curtabmar=\count47
\@curtab=\count48
\@hightab=\count49
\@tabpush=\count50
\@curline=\box16
\@curfield=\box17
\@tabfbox=\box18
\tabbingsep=\dimen51
\@chclass=\count51
\@lastchclass=\count52
\@chnum=\count53
\arraycolsep=\dimen52
\tabcolsep=\dimen53
\arrayrulewidth=\dimen54
\doublerulesep=\dimen55
\@arstrutbox=\box19
\@wholewidth=\dimen56
\@halfwidth=\dimen57
\unitlength=\dimen58
\@picbox=\box20
\@picht=\dimen59
\@ovxx=\dimen60
\@ovyy=\dimen61
\@ovdx=\dimen62
\@ovdy=\dimen63
\@ovro=\dimen64
\@ovri=\dimen65
\@xarg=\count54
\@yarg=\count55
\@yyarg=\count56
\@multicnt=\count57
\@xdim=\dimen66
\@ydim=\dimen67
\@linechar=\box21
\@linelen=\dimen68
\@clnwd=\dimen69
\@clnht=\dimen70
\@dashdim=\dimen71
\@dashbox=\box22
\@dashcnt=\count58
LaTeX Info: The control sequence `\linethickness' is already robust on input lin
e 6047.
LaTeX Info: The control sequence `\thinlines' is already robust on input line 60
53.

title, sectioning,
\@secpenalty=\count59
\c@secnumdepth=\count60
\c@tocdepth=\count61
 contents, floats,
\@floatpenalty=\count62
 footnotes,
\footins=\insert253
\c@footnote=\count63
\c@mpfootnote=\count64
\footnotesep=\dimen72
 index, bibliography, output,
\bx@A=\insert252
\bx@B=\insert251
\bx@C=\insert250
\bx@D=\insert249
\bx@E=\insert248
\bx@F=\insert247
\bx@G=\insert246
\bx@H=\insert245
\bx@I=\insert244
\bx@J=\insert243
\bx@K=\insert242
\bx@L=\insert241
\bx@M=\insert240
\bx@N=\insert239
\bx@O=\insert238
\bx@P=\insert237
\bx@Q=\insert236
\bx@R=\insert235
\bx@S=\insert234
\bx@T=\insert233
\bx@U=\insert232
\bx@V=\insert231
\bx@W=\insert230
\bx@X=\insert229
\bx@Y=\insert228
\bx@Z=\insert227
\bx@AA=\insert226
\bx@BB=\insert225
\bx@CC=\insert224
\bx@DD=\insert223
\bx@EE=\insert222
\bx@FF=\insert221
\bx@GG=\insert220
\bx@HH=\insert219
\bx@II=\insert218
\bx@JJ=\insert217
\bx@KK=\insert216
\bx@LL=\insert215
\bx@MM=\insert214
\bx@NN=\insert213
\bx@OO=\insert212
\bx@PP=\insert211
\bx@QQ=\insert210
\bx@RR=\insert209
\bx@SS=\insert208
\bx@TT=\insert207
\bx@UU=\insert206
\bx@VV=\insert205
\bx@WW=\insert204
\bx@XX=\insert203
\bx@YY=\insert202
\bx@ZZ=\insert201
\topmargin=\dimen73
\oddsidemargin=\dimen74
\evensidemargin=\dimen75
\headheight=\dimen76
\headsep=\dimen77
\footskip=\dimen78
\textheight=\dimen79
\textwidth=\dimen80
\columnwidth=\dimen81
\columnsep=\dimen82
\columnseprule=\dimen83
\marginparwidth=\dimen84
\marginparsep=\dimen85
\marginparpush=\dimen86
\@begindvibox=\box23
\@maxdepth=\dimen87
\paperheight=\dimen88
\paperwidth=\dimen89
\col@number=\count65
\@topnum=\count66
\@toproom=\dimen90
\@dbltopnum=\count67
\@dbltoproom=\dimen91
\@botnum=\count68
\@botroom=\dimen92
\@colnum=\count69
\@textmin=\dimen93
\@fpmin=\dimen94
\@colht=\dimen95
\@colroom=\dimen96
\@pageht=\dimen97
\@pagedp=\dimen98
\@mparbottom=\dimen99
\@currtype=\count70
\@outputbox=\box24
\@leftcolumn=\box25
\@holdpg=\box26
\@kludgeins=\insert200
\@fpstype=\count71
\@reqcolroom=\dimen100
\@textfloatsheight=\dimen101
\c@topnumber=\count72
\c@bottomnumber=\count73
\c@totalnumber=\count74
\c@dbltopnumber=\count75
\floatsep=\skip30
\textfloatsep=\skip31
\intextsep=\skip32
\dblfloatsep=\skip33
\dbltextfloatsep=\skip34
\@fptop=\skip35
\@fpsep=\skip36
\@fpbot=\skip37
\@dblfptop=\skip38
\@dblfpsep=\skip39
\@dblfpbot=\skip40
\pkgcls@targetdate=\count76
\catcodetable@initex=\catcodetable1
\catcodetable@string=\catcodetable2
\catcodetable@latex=\catcodetable3
\catcodetable@atletter=\catcodetable4
\@lowpenalty=\count77
\@medpenalty=\count78
\@highpenalty=\count79

 Unicode character data,
(/home/peter/workspace/texlive.js/texlive/texmf-dist/tex/generic/unicode-data/l
oad-unicode-data.tex 
load-unicode-data.tex v1.11 (2019-11-28)
Reading Unicode data
# UnicodeData-12.1.0.txt
# Modified 2019-04-01 05:08:00 GMT [MFK]
)
===========================================
Local configuration file hyphen.cfg used
===========================================

(/home/peter/workspace/texlive.js/texlive/texmf-dist/tex/generic/babel/hyphen.c
fg
File: hyphen.cfg 2019/12/08 3.37 Babel hyphens

(/home/peter/workspace/texlive.js/texlive/texmf-dist/tex/generic/babel/luababel
.def
\bbl@attr@locale=\attribute1
)
(/home/peter/workspace/texlive.js/texlive/texmf-dist/tex/generic/babel/switch.d
ef
File: switch.def 2019/12/08 3.37 Babel switching mechanism
)
\l@english=\language0

(/home/peter/workspace/texlive.js/texlive/texmf-dist/tex/generic/hyphen/hyphen.
tex)
\l@usenglish=\language0
\l@USenglish=\language0
\l@american=\language0
)
\l@nohyphenation=\language1

)))
Beginning to dump on file dvilualatex.fmt
 (format=dvilualatex 2019.12.23)
6149 strings using 46009 bytes
185499 memory locations dumped; current usage is 175&64713
4801 multiletter control sequences
\font\nullfont=nullfont
\font\OMX/cmex/m/n/10=cmex10
\font\tenln=line10
\font\tenlnw=linew10
\font\tencirc=lcircle10
\font\tencircw=lcirclew10
\font\OT1/cmr/m/n/5=cmr5
\font\OT1/cmr/m/n/7=cmr7
\font\OT1/cmr/m/n/10=cmr10
\font\OML/cmm/m/it/5=cmmi5
\font\OML/cmm/m/it/7=cmmi7
\font\OML/cmm/m/it/10=cmmi10
\font\OMS/cmsy/m/n/5=cmsy5
\font\OMS/cmsy/m/n/7=cmsy7
\font\OMS/cmsy/m/n/10=cmsy10
14 preloaded fonts
No pages of output.

