This is pdfTeX, Version 3.14159265-2.6-1.40.21 (TeX Live 2020/NixOS.org) (preloaded format=latex 2021.3.6)  2 APR 2023 18:56
entering extended mode
 restricted \write18 enabled.
 %&-line parsing enabled.
**frenchb.ins
(./frenchb.ins
LaTeX2e <2020-10-01> patch level 4
L3 programming layer <2020-12-07> xparse <2020-03-03>
(/nix/store/n3548rs50zrc8la80xqls20lc288cp0n-texlive-combined-full-2020.2021010
9/share/texmf/tex/latex/base/docstrip.tex
\blockLevel=\count177
\emptyLines=\count178
\processedLines=\count179
\commentsRemoved=\count180
\commentsPassed=\count181
\codeLinesPassed=\count182
\TotalprocessedLines=\count183
\TotalcommentsRemoved=\count184
\TotalcommentsPassed=\count185
\TotalcodeLinesPassed=\count186
\NumberOfFiles=\count187
\inFile=\read2
\inputcheck=\read3
\off@0=\count188
\off@1=\count189
\off@2=\count190
\off@3=\count191
\off@4=\count192
\off@5=\count193
\off@6=\count194
\off@7=\count195
\off@8=\count196
\off@9=\count197
\off@10=\count198
\off@11=\count199
\off@12=\count266
\off@13=\count267
\off@14=\count268
\off@15=\count269
\@maxfiles=\count270
\@maxoutfiles=\count271

Utility: `docstrip' v2.6a <2020-07-07>
English documentation    <2020-07-11>

**********************************************************
* This program converts documented macro-files into fast *
* loadable files by stripping off (nearly) all comments! *
**********************************************************

********************************************************
* No Configuration file found, using default settings. *
********************************************************

(./frenchb.ins

Generating file(s) ./french.ldf ./acadian.ldf ./canadien.ldf ./frenchb.ldf ./fr
ancais.ldf 
\openout0 = `./french.ldf'.

\openout1 = `./acadian.ldf'.

\openout2 = `./canadien.ldf'.

\openout3 = `./frenchb.ldf'.

\openout4 = `./francais.ldf'.


Processing file frenchb.dtx (french) -> french.ldf
                            (acadian) -> acadian.ldf
                            (canadien) -> canadien.ldf
                            (frenchb) -> frenchb.ldf
                            (francais) -> francais.ldf
File frenchb.dtx ended by \endinput.
Lines  processed: 6101
Comments removed: 3676
Comments  passed: 10
Codelines passed: 2375


Generating file(s) ./frenchb.lua 
\openout0 = `./frenchb.lua'.


Processing file frenchb.dtx (lua) -> frenchb.lua
File frenchb.dtx ended by \endinput.
Lines  processed: 6101
Comments removed: 3676
Comments  passed: 10
Codelines passed: 2375

***********************************************************
*
* To finish the installation you have to move the following
* files into a directory searched by TeX:
*
*   frenchb.lua  french.ldf
*   frenchb.ldf  francais.ldf
*   canadian.ldf  and acadian.ldf
*
* To produce the documentation run the file frenchb.dtx
* through pdfLaTeX.
*
* Happy TeXing
***********************************************************
Overall statistics:
Files  processed: 2
Lines  processed: 12202
Comments removed: 7352
Comments  passed: 20
Codelines passed: 4750
 ) ) ) 
Here is how much of TeX's memory you used:
 383 strings out of 479308
 4253 string characters out of 5839139
 278531 words of memory out of 5000000
 17659 multiletter control sequences out of 15000+600000
 403430 words of font info for 27 fonts, out of 8000000 for 9000
 1141 hyphenation exceptions out of 8191
 17i,0n,15p,191b,164s stack positions out of 5000i,500n,10000p,200000b,80000s

No pages of output.
